2020-03-28-21-29 [background-preinit] [org.hibernate.validator.internal.util.Version] [INFO] - HV000001: Hibernate Validator 6.0.13.Final
  2020-03-28-21-29 [main] [com.zty.robot.RobotTestApplication] [INFO] - Starting RobotTestApplication on LAPTOP-KED4MPN4 with PID 14000 (started by liuji in E:\论文资料\毕业论文\代码\dlrobot\dlrobot)
  2020-03-28-21-29 [main] [com.zty.robot.RobotTestApplication] [INFO] - No active profile set, falling back to default profiles: default
  2020-03-28-21-29 [main] [org.springframework.data.repository.config.RepositoryConfigurationDelegate] [INFO] - Bootstrapping Spring Data repositories in DEFAULT mode.
  2020-03-28-21-29 [main] [org.springframework.data.repository.config.RepositoryConfigurationDelegate] [INFO] - Finished Spring Data repository scanning in 116ms. Found 2 repository interfaces.
  2020-03-28-21-29 [main] [org.springframework.context.support.PostProcessorRegistrationDelegate$BeanPostProcessorChecker] [INFO] - Bean 'org.springframework.transaction.annotation.ProxyTransactionManagementConfiguration' of type [org.springframework.transaction.annotation.ProxyTransactionManagementConfiguration$$EnhancerBySpringCGLIB$$1609d44a] is not eligible for getting processed by all BeanPostProcessors (for example: not eligible for auto-proxying)
  2020-03-28-21-29 [main] [org.springframework.boot.web.embedded.tomcat.TomcatWebServer] [INFO] - Tomcat initialized with port(s): 8081 (http)
  2020-03-28-21-29 [main] [org.springframework.web.context.ContextLoader] [INFO] - Root WebApplicationContext: initialization completed in 2752 ms
  2020-03-28-21-29 [main] [com.zaxxer.hikari.HikariDataSource] [INFO] - HikariPool-1 - Starting...
  2020-03-28-21-29 [main] [com.zaxxer.hikari.HikariDataSource] [INFO] - HikariPool-1 - Start completed.
  2020-03-28-21-29 [main] [org.hibernate.jpa.internal.util.LogHelper] [INFO] - HHH000204: Processing PersistenceUnitInfo [
	name: default
	...]
  2020-03-28-21-29 [main] [org.hibernate.Version] [INFO] - HHH000412: Hibernate Core {5.3.7.Final}
  2020-03-28-21-29 [main] [org.hibernate.cfg.Environment] [INFO] - HHH000206: hibernate.properties not found
  2020-03-28-21-29 [main] [org.hibernate.annotations.common.Version] [INFO] - HCANN000001: Hibernate Commons Annotations {5.0.4.Final}
  2020-03-28-21-29 [main] [org.hibernate.dialect.Dialect] [INFO] - HHH000400: Using dialect: org.hibernate.dialect.MySQL5InnoDBDialect
  2020-03-28-21-29 [main] [org.springframework.orm.jpa.LocalContainerEntityManagerFactoryBean] [INFO] - Initialized JPA EntityManagerFactory for persistence unit 'default'
  2020-03-28-21-29 [main] [org.springframework.scheduling.concurrent.ThreadPoolTaskExecutor] [INFO] - Initializing ExecutorService 'applicationTaskExecutor'
  2020-03-28-21-29 [main] [org.springframework.boot.autoconfigure.orm.jpa.JpaBaseConfiguration$JpaWebConfiguration$JpaWebMvcConfiguration] [WARN] - spring.jpa.open-in-view is enabled by default. Therefore, database queries may be performed during view rendering. Explicitly configure spring.jpa.open-in-view to disable this warning
  2020-03-28-21-29 [main] [org.springframework.boot.web.embedded.tomcat.TomcatWebServer] [INFO] - Tomcat started on port(s): 8081 (http) with context path ''
  2020-03-28-21-29 [main] [com.zty.robot.RobotTestApplication] [INFO] - Started RobotTestApplication in 7.08 seconds (JVM running for 9.141)
  2020-03-28-21-30 [http-nio-8081-exec-1] [org.springframework.web.servlet.DispatcherServlet] [INFO] - Initializing Servlet 'dispatcherServlet'
  2020-03-28-21-30 [http-nio-8081-exec-1] [org.springframework.web.servlet.DispatcherServlet] [INFO] - Completed initialization in 13 ms
  2020-03-28-21-30 [http-nio-8081-exec-4] [com.baidu.aip.client.BaseClient] [INFO] - get access_token success. current state: STATE_AIP_AUTH_OK
  2020-03-28-21-31 [background-preinit] [org.hibernate.validator.internal.util.Version] [INFO] - HV000001: Hibernate Validator 6.0.13.Final
  2020-03-28-21-31 [main] [com.zty.robot.RobotTestApplication] [INFO] - Starting RobotTestApplication on LAPTOP-KED4MPN4 with PID 2020 (started by liuji in E:\论文资料\毕业论文\代码\dlrobot\dlrobot)
  2020-03-28-21-31 [main] [com.zty.robot.RobotTestApplication] [INFO] - No active profile set, falling back to default profiles: default
  2020-03-28-21-31 [main] [org.springframework.data.repository.config.RepositoryConfigurationDelegate] [INFO] - Bootstrapping Spring Data repositories in DEFAULT mode.
  2020-03-28-21-31 [main] [org.springframework.data.repository.config.RepositoryConfigurationDelegate] [INFO] - Finished Spring Data repository scanning in 90ms. Found 2 repository interfaces.
  2020-03-28-21-31 [main] [org.springframework.context.support.PostProcessorRegistrationDelegate$BeanPostProcessorChecker] [INFO] - Bean 'org.springframework.transaction.annotation.ProxyTransactionManagementConfiguration' of type [org.springframework.transaction.annotation.ProxyTransactionManagementConfiguration$$EnhancerBySpringCGLIB$$f855ecfd] is not eligible for getting processed by all BeanPostProcessors (for example: not eligible for auto-proxying)
  2020-03-28-21-31 [main] [org.springframework.boot.web.embedded.tomcat.TomcatWebServer] [INFO] - Tomcat initialized with port(s): 8081 (http)
  2020-03-28-21-31 [main] [org.springframework.web.context.ContextLoader] [INFO] - Root WebApplicationContext: initialization completed in 2532 ms
  2020-03-28-21-31 [main] [com.zaxxer.hikari.HikariDataSource] [INFO] - HikariPool-1 - Starting...
  2020-03-28-21-31 [main] [com.zaxxer.hikari.HikariDataSource] [INFO] - HikariPool-1 - Start completed.
  2020-03-28-21-31 [main] [org.hibernate.jpa.internal.util.LogHelper] [INFO] - HHH000204: Processing PersistenceUnitInfo [
	name: default
	...]
  2020-03-28-21-31 [main] [org.hibernate.Version] [INFO] - HHH000412: Hibernate Core {5.3.7.Final}
  2020-03-28-21-31 [main] [org.hibernate.cfg.Environment] [INFO] - HHH000206: hibernate.properties not found
  2020-03-28-21-31 [main] [org.hibernate.annotations.common.Version] [INFO] - HCANN000001: Hibernate Commons Annotations {5.0.4.Final}
  2020-03-28-21-31 [main] [org.hibernate.dialect.Dialect] [INFO] - HHH000400: Using dialect: org.hibernate.dialect.MySQL5InnoDBDialect
  2020-03-28-21-31 [main] [org.springframework.orm.jpa.LocalContainerEntityManagerFactoryBean] [INFO] - Initialized JPA EntityManagerFactory for persistence unit 'default'
  2020-03-28-21-31 [main] [org.springframework.scheduling.concurrent.ThreadPoolTaskExecutor] [INFO] - Initializing ExecutorService 'applicationTaskExecutor'
  2020-03-28-21-31 [main] [org.springframework.boot.autoconfigure.orm.jpa.JpaBaseConfiguration$JpaWebConfiguration$JpaWebMvcConfiguration] [WARN] - spring.jpa.open-in-view is enabled by default. Therefore, database queries may be performed during view rendering. Explicitly configure spring.jpa.open-in-view to disable this warning
  2020-03-28-21-31 [main] [org.springframework.boot.web.embedded.tomcat.TomcatWebServer] [INFO] - Tomcat started on port(s): 8081 (http) with context path ''
  2020-03-28-21-31 [main] [com.zty.robot.RobotTestApplication] [INFO] - Started RobotTestApplication in 6.323 seconds (JVM running for 11.183)
  2020-03-28-21-31 [http-nio-8081-exec-2] [org.springframework.web.servlet.DispatcherServlet] [INFO] - Initializing Servlet 'dispatcherServlet'
  2020-03-28-21-31 [http-nio-8081-exec-2] [org.springframework.web.servlet.DispatcherServlet] [INFO] - Completed initialization in 10 ms
  2020-03-28-21-34 [HikariPool-1 housekeeper] [com.zaxxer.hikari.pool.HikariPool] [WARN] - HikariPool-1 - Thread starvation or clock leap detected (housekeeper delta=2m18s576ms885µs400ns).
  2020-03-28-21-34 [http-nio-8081-exec-2] [com.baidu.aip.client.BaseClient] [INFO] - get access_token success. current state: STATE_AIP_AUTH_OK
  2020-03-28-21-36 [HikariPool-1 housekeeper] [com.zaxxer.hikari.pool.HikariPool] [WARN] - HikariPool-1 - Thread starvation or clock leap detected (housekeeper delta=1m58s689ms887µs300ns).
  2020-03-28-21-36 [http-nio-8081-exec-4] [com.baidu.aip.client.BaseClient] [INFO] - get access_token success. current state: STATE_AIP_AUTH_OK
  2020-03-28-21-38 [http-nio-8081-exec-5] [com.baidu.aip.client.BaseClient] [INFO] - get access_token success. current state: STATE_AIP_AUTH_OK
  2020-03-28-21-38 [http-nio-8081-exec-7] [com.baidu.aip.client.BaseClient] [INFO] - get access_token success. current state: STATE_AIP_AUTH_OK
  2020-03-28-21-39 [http-nio-8081-exec-8] [com.baidu.aip.client.BaseClient] [INFO] - get access_token success. current state: STATE_AIP_AUTH_OK
  2020-03-28-21-40 [http-nio-8081-exec-2] [com.baidu.aip.client.BaseClient] [INFO] - get access_token success. current state: STATE_AIP_AUTH_OK
  2020-03-28-21-41 [http-nio-8081-exec-4] [com.baidu.aip.client.BaseClient] [INFO] - get access_token success. current state: STATE_AIP_AUTH_OK
  2020-03-28-21-43 [Thread-16] [org.springframework.scheduling.concurrent.ThreadPoolTaskExecutor] [INFO] - Shutting down ExecutorService 'applicationTaskExecutor'
  2020-03-28-21-43 [Thread-16] [org.springframework.orm.jpa.LocalContainerEntityManagerFactoryBean] [INFO] - Closing JPA EntityManagerFactory for persistence unit 'default'
  2020-03-28-21-43 [Thread-16] [com.zaxxer.hikari.HikariDataSource] [INFO] - HikariPool-1 - Shutdown initiated...
  2020-03-28-21-43 [Thread-16] [com.zaxxer.hikari.HikariDataSource] [INFO] - HikariPool-1 - Shutdown completed.
  2020-03-28-23-02 [background-preinit] [org.hibernate.validator.internal.util.Version] [INFO] - HV000001: Hibernate Validator 6.0.13.Final
  2020-03-28-23-02 [main] [com.zty.robot.RobotTestApplication] [INFO] - Starting RobotTestApplication on LAPTOP-KED4MPN4 with PID 11256 (started by liuji in E:\论文资料\毕业论文\代码\dlrobot\dlrobot)
  2020-03-28-23-02 [main] [com.zty.robot.RobotTestApplication] [INFO] - No active profile set, falling back to default profiles: default
  2020-03-28-23-02 [main] [org.springframework.data.repository.config.RepositoryConfigurationDelegate] [INFO] - Bootstrapping Spring Data repositories in DEFAULT mode.
  2020-03-28-23-02 [main] [org.springframework.data.repository.config.RepositoryConfigurationDelegate] [INFO] - Finished Spring Data repository scanning in 222ms. Found 2 repository interfaces.
  2020-03-28-23-02 [main] [org.springframework.context.support.PostProcessorRegistrationDelegate$BeanPostProcessorChecker] [INFO] - Bean 'org.springframework.transaction.annotation.ProxyTransactionManagementConfiguration' of type [org.springframework.transaction.annotation.ProxyTransactionManagementConfiguration$$EnhancerBySpringCGLIB$$9c6d83aa] is not eligible for getting processed by all BeanPostProcessors (for example: not eligible for auto-proxying)
  2020-03-28-23-02 [main] [org.springframework.boot.web.embedded.tomcat.TomcatWebServer] [INFO] - Tomcat initialized with port(s): 8081 (http)
  2020-03-28-23-02 [main] [org.springframework.web.context.ContextLoader] [INFO] - Root WebApplicationContext: initialization completed in 4759 ms
  2020-03-28-23-02 [main] [com.zaxxer.hikari.HikariDataSource] [INFO] - HikariPool-1 - Starting...
  2020-03-28-23-02 [main] [com.zaxxer.hikari.HikariDataSource] [INFO] - HikariPool-1 - Start completed.
  2020-03-28-23-02 [main] [org.hibernate.jpa.internal.util.LogHelper] [INFO] - HHH000204: Processing PersistenceUnitInfo [
	name: default
	...]
  2020-03-28-23-02 [main] [org.hibernate.Version] [INFO] - HHH000412: Hibernate Core {5.3.7.Final}
  2020-03-28-23-02 [main] [org.hibernate.cfg.Environment] [INFO] - HHH000206: hibernate.properties not found
  2020-03-28-23-02 [main] [org.hibernate.annotations.common.Version] [INFO] - HCANN000001: Hibernate Commons Annotations {5.0.4.Final}
  2020-03-28-23-02 [main] [org.hibernate.dialect.Dialect] [INFO] - HHH000400: Using dialect: org.hibernate.dialect.MySQL5InnoDBDialect
  2020-03-28-23-02 [main] [org.springframework.orm.jpa.LocalContainerEntityManagerFactoryBean] [INFO] - Initialized JPA EntityManagerFactory for persistence unit 'default'
  2020-03-28-23-02 [main] [org.springframework.scheduling.concurrent.ThreadPoolTaskExecutor] [INFO] - Initializing ExecutorService 'applicationTaskExecutor'
  2020-03-28-23-02 [main] [org.springframework.boot.autoconfigure.orm.jpa.JpaBaseConfiguration$JpaWebConfiguration$JpaWebMvcConfiguration] [WARN] - spring.jpa.open-in-view is enabled by default. Therefore, database queries may be performed during view rendering. Explicitly configure spring.jpa.open-in-view to disable this warning
  2020-03-28-23-02 [main] [org.springframework.boot.web.embedded.tomcat.TomcatWebServer] [INFO] - Tomcat started on port(s): 8081 (http) with context path ''
  2020-03-28-23-02 [main] [com.zty.robot.RobotTestApplication] [INFO] - Started RobotTestApplication in 10.353 seconds (JVM running for 12.249)
  2020-03-28-23-02 [http-nio-8081-exec-1] [org.springframework.web.servlet.DispatcherServlet] [INFO] - Initializing Servlet 'dispatcherServlet'
  2020-03-28-23-02 [http-nio-8081-exec-1] [org.springframework.web.servlet.DispatcherServlet] [INFO] - Completed initialization in 16 ms
  2020-03-28-23-03 [http-nio-8081-exec-7] [com.baidu.aip.client.BaseClient] [INFO] - get access_token success. current state: STATE_AIP_AUTH_OK
  